
> telegram_redirect@0.0.1 dev /home/tester/presentation/cypress
> cross-env DEBUG=1 nodemon ./index.js

[33m[nodemon] 2.0.2[39m
[33m[nodemon] to restart at any time, enter `rs`[39m
[33m[nodemon] watching dir(s): *.*[39m
[33m[nodemon] watching extensions: js,mjs,json,html,css[39m
[32m[nodemon] starting `node ./index.js`[39m
events.js:291
      throw er; // Unhandled 'error' event
      ^

Error: EBADF: bad file descriptor, read
Emitted 'error' event on ReadStream instance at:
    at internal/fs/streams.js:191:14
    at FSReqCallback.wrapper [as oncomplete] (fs.js:520:5) {
  errno: -9,
  code: 'EBADF',
  syscall: 'read'
}
npm ERR! code ELIFECYCLE
npm ERR! errno 1
npm ERR! telegram_redirect@0.0.1 dev: `cross-env DEBUG=1 nodemon ./index.js`
npm ERR! Exit status 1
npm ERR! 
npm ERR! Failed at the telegram_redirect@0.0.1 dev script.
npm ERR! This is probably not a problem with npm. There is likely additional logging output above.

npm ERR! A complete log of this run can be found in:
npm ERR!     /home/tester/.npm/_logs/2023-11-17T07_45_22_182Z-debug.log

> telegram_redirect@0.0.1 dev /home/tester/presentation/cypress
> cross-env DEBUG=1 nodemon ./index.js

[33m[nodemon] 2.0.2[39m
[33m[nodemon] to restart at any time, enter `rs`[39m
[33m[nodemon] watching dir(s): *.*[39m
[33m[nodemon] watching extensions: js,mjs,json,html,css[39m
[32m[nodemon] starting `node ./index.js`[39m
events.js:291
      throw er; // Unhandled 'error' event
      ^

Error: EBADF: bad file descriptor, read
Emitted 'error' event on ReadStream instance at:
    at internal/fs/streams.js:191:14
    at FSReqCallback.wrapper [as oncomplete] (fs.js:520:5) {
  errno: -9,
  code: 'EBADF',
  syscall: 'read'
}
npm ERR! code ELIFECYCLE
npm ERR! errno 1
npm ERR! telegram_redirect@0.0.1 dev: `cross-env DEBUG=1 nodemon ./index.js`
npm ERR! Exit status 1
npm ERR! 
npm ERR! Failed at the telegram_redirect@0.0.1 dev script.
npm ERR! This is probably not a problem with npm. There is likely additional logging output above.

npm ERR! A complete log of this run can be found in:
npm ERR!     /home/tester/.npm/_logs/2023-11-17T07_50_37_789Z-debug.log

> telegram_redirect@0.0.1 dev /home/tester/presentation/cypress
> cross-env DEBUG=1 nodemon ./index.js

[33m[nodemon] 2.0.2[39m
[33m[nodemon] to restart at any time, enter `rs`[39m
[33m[nodemon] watching dir(s): *.*[39m
[33m[nodemon] watching extensions: js,mjs,json,html,css[39m
[32m[nodemon] starting `node ./index.js`[39m
events.js:291
      throw er; // Unhandled 'error' event
      ^

Error: EBADF: bad file descriptor, read
Emitted 'error' event on ReadStream instance at:
    at internal/fs/streams.js:191:14
    at FSReqCallback.wrapper [as oncomplete] (fs.js:520:5) {
  errno: -9,
  code: 'EBADF',
  syscall: 'read'
}
npm ERR! code ELIFECYCLE
npm ERR! errno 1
npm ERR! telegram_redirect@0.0.1 dev: `cross-env DEBUG=1 nodemon ./index.js`
npm ERR! Exit status 1
npm ERR! 
npm ERR! Failed at the telegram_redirect@0.0.1 dev script.
npm ERR! This is probably not a problem with npm. There is likely additional logging output above.

npm ERR! A complete log of this run can be found in:
npm ERR!     /home/tester/.npm/_logs/2023-11-17T07_50_46_789Z-debug.log
